This file contains any messages produced by compilers while
running configure, to aid debugging if configure makes a mistake.

It was created by ringmaster configure 1.0, which was
generated by GNU Autoconf 2.71.  Invocation command line was

  $ ./configure

## --------- ##
## Platform. ##
## --------- ##

hostname = xlab-System-Product-Name
uname -m = x86_64
uname -r = 6.8.0-59-generic
uname -s = Linux
uname -v = #61~22.04.1-Ubuntu SMP PREEMPT_DYNAMIC Tue Apr 15 17:03:15 UTC 2

/usr/bin/uname -p = x86_64
/bin/uname -X     = unknown

/bin/arch              = x86_64
/usr/bin/arch -k       = unknown
/usr/convex/getsysinfo = unknown
/usr/bin/hostinfo      = unknown
/bin/machine           = unknown
/usr/bin/oslevel       = unknown
/bin/universe          = unknown

PATH: /home/xlab/anaconda3/bin/
PATH: /home/xlab/anaconda3/condabin/
PATH: /usr/local/cuda/bin/
PATH: /usr/local/sbin/
PATH: /usr/local/bin/
PATH: /usr/sbin/
PATH: /usr/bin/
PATH: /sbin/
PATH: /bin/
PATH: /usr/games/
PATH: /usr/local/games/
PATH: /snap/bin/
PATH: /snap/bin/


## ----------- ##
## Core tests. ##
## ----------- ##

configure:2032: looking for aux files: missing install-sh
configure:2045:  trying ./
configure:2074:   ./missing found
configure:2056:   ./install-sh found
configure:2203: checking for a BSD-compatible install
configure:2276: result: /usr/bin/install -c
configure:2287: checking whether build environment is sane
configure:2342: result: yes
configure:2501: checking for a race-free mkdir -p
configure:2545: result: /usr/bin/mkdir -p
configure:2552: checking for gawk
configure:2587: result: no
configure:2552: checking for mawk
configure:2573: found /usr/bin/mawk
configure:2584: result: mawk
configure:2595: checking whether make sets $(MAKE)
configure:2618: result: yes
configure:2648: checking whether make supports nested variables
configure:2666: result: yes
configure:2880: checking for g++
configure:2901: found /usr/bin/g++
configure:2912: result: g++
configure:2939: checking for C++ compiler version
configure:2948: g++ --version >&5
g++ (Ubuntu 11.4.0-1ubuntu1~22.04) 11.4.0
Copyright (C) 2021 Free Software Foundation, Inc.
This is free software; see the source for copying conditions.  There is NO
warranty; not even for MERCHANTABILITY or FITNESS FOR A PARTICULAR PURPOSE.

configure:2959: $? = 0
configure:2948: g++ -v >&5
Using built-in specs.
COLLECT_GCC=g++
COLLECT_LTO_WRAPPER=/usr/lib/gcc/x86_64-linux-gnu/11/lto-wrapper
OFFLOAD_TARGET_NAMES=nvptx-none:amdgcn-amdhsa
OFFLOAD_TARGET_DEFAULT=1
Target: x86_64-linux-gnu
Configured with: ../src/configure -v --with-pkgversion='Ubuntu 11.4.0-1ubuntu1~22.04' --with-bugurl=file:///usr/share/doc/gcc-11/README.Bugs --enable-languages=c,ada,c++,go,brig,d,fortran,objc,obj-c++,m2 --prefix=/usr --with-gcc-major-version-only --program-suffix=-11 --program-prefix=x86_64-linux-gnu- --enable-shared --enable-linker-build-id --libexecdir=/usr/lib --without-included-gettext --enable-threads=posix --libdir=/usr/lib --enable-nls --enable-bootstrap --enable-clocale=gnu --enable-libstdcxx-debug --enable-libstdcxx-time=yes --with-default-libstdcxx-abi=new --enable-gnu-unique-object --disable-vtable-verify --enable-plugin --enable-default-pie --with-system-zlib --enable-libphobos-checking=release --with-target-system-zlib=auto --enable-objc-gc=auto --enable-multiarch --disable-werror --enable-cet --with-arch-32=i686 --with-abi=m64 --with-multilib-list=m32,m64,mx32 --enable-multilib --with-tune=generic --enable-offload-targets=nvptx-none=/build/gcc-11-XeT9lY/gcc-11-11.4.0/debian/tmp-nvptx/usr,amdgcn-amdhsa=/build/gcc-11-XeT9lY/gcc-11-11.4.0/debian/tmp-gcn/usr --without-cuda-driver --enable-checking=release --build=x86_64-linux-gnu --host=x86_64-linux-gnu --target=x86_64-linux-gnu --with-build-config=bootstrap-lto-lean --enable-link-serialization=2
Thread model: posix
Supported LTO compression algorithms: zlib zstd
gcc version 11.4.0 (Ubuntu 11.4.0-1ubuntu1~22.04) 
... rest of stderr output deleted ...
configure:2959: $? = 0
configure:2948: g++ -V >&5
g++: error: unrecognized command-line option '-V'
g++: fatal error: no input files
compilation terminated.
configure:2959: $? = 1
configure:2948: g++ -qversion >&5
g++: error: unrecognized command-line option '-qversion'; did you mean '--version'?
g++: fatal error: no input files
compilation terminated.
configure:2959: $? = 1
configure:2979: checking whether the C++ compiler works
configure:3001: g++    conftest.cpp  >&5
configure:3005: $? = 0
configure:3055: result: yes
configure:3058: checking for C++ compiler default output file name
configure:3060: result: a.out
configure:3066: checking for suffix of executables
configure:3073: g++ -o conftest    conftest.cpp  >&5
configure:3077: $? = 0
configure:3100: result: 
configure:3122: checking whether we are cross compiling
configure:3130: g++ -o conftest    conftest.cpp  >&5
configure:3134: $? = 0
configure:3141: ./conftest
configure:3145: $? = 0
configure:3160: result: no
configure:3165: checking for suffix of object files
configure:3188: g++ -c   conftest.cpp >&5
configure:3192: $? = 0
configure:3214: result: o
configure:3218: checking whether the compiler supports GNU C++
configure:3238: g++ -c   conftest.cpp >&5
configure:3238: $? = 0
configure:3248: result: yes
configure:3259: checking whether g++ accepts -g
configure:3280: g++ -c -g  conftest.cpp >&5
configure:3280: $? = 0
configure:3324: result: yes
configure:3344: checking for g++ option to enable C++11 features
configure:3359: g++  -c -g -O2  conftest.cpp >&5
conftest.cpp: In function 'int main(int, char**)':
conftest.cpp:177:25: warning: empty parentheses were disambiguated as a function declaration [-Wvexing-parse]
  177 |   cxx11test::delegate d2();
      |                         ^~
conftest.cpp:177:25: note: remove parentheses to default-initialize a variable
  177 |   cxx11test::delegate d2();
      |                         ^~
      |                         --
conftest.cpp:177:25: note: or replace parentheses with braces to value-initialize a variable
configure:3359: $? = 0
configure:3377: result: none needed
configure:3444: checking whether make supports the include directive
configure:3459: make -f confmf.GNU && cat confinc.out
this is the am__doit target
configure:3462: $? = 0
configure:3481: result: yes (GNU style)
configure:3507: checking dependency style of g++
configure:3619: result: gcc3
configure:3682: checking for ranlib
configure:3703: found /usr/bin/ranlib
configure:3714: result: ranlib
configure:3797: checking for pkg-config
configure:3820: found /usr/bin/pkg-config
configure:3832: result: /usr/bin/pkg-config
configure:3857: checking pkg-config is at least version 0.9.0
configure:3860: result: yes
configure:3870: checking for vpx
configure:3877: $PKG_CONFIG --exists --print-errors "vpx"
configure:3880: $? = 0
configure:3894: $PKG_CONFIG --exists --print-errors "vpx"
configure:3897: $? = 0
configure:3955: result: yes
configure:3961: checking for sdl2
configure:3968: $PKG_CONFIG --exists --print-errors "sdl2"
configure:3971: $? = 0
configure:3985: $PKG_CONFIG --exists --print-errors "sdl2"
configure:3988: $? = 0
configure:4046: result: yes
configure:4161: checking that generated files are newer than configure
configure:4167: result: done
configure:4190: creating ./config.status

## ---------------------- ##
## Running config.status. ##
## ---------------------- ##

This file was extended by ringmaster config.status 1.0, which was
generated by GNU Autoconf 2.71.  Invocation command line was

  CONFIG_FILES    = 
  CONFIG_HEADERS  = 
  CONFIG_LINKS    = 
  CONFIG_COMMANDS = 
  $ ./config.status 

on xlab-System-Product-Name

config.status:850: creating Makefile
config.status:850: creating src/Makefile
config.status:850: creating src/util/Makefile
config.status:850: creating src/video/Makefile
config.status:850: creating src/app/Makefile
config.status:850: creating config.h
config.status:1031: config.h is unchanged
config.status:1079: executing depfiles commands
config.status:1156: cd src/util       && sed -e '/# am--include-marker/d' Makefile         | make -f - am--depfiles
make: Nothing to be done for 'am--depfiles'.
config.status:1161: $? = 0
config.status:1156: cd src/video       && sed -e '/# am--include-marker/d' Makefile         | make -f - am--depfiles
make: Nothing to be done for 'am--depfiles'.
config.status:1161: $? = 0
config.status:1156: cd src/app       && sed -e '/# am--include-marker/d' Makefile         | make -f - am--depfiles
make: Nothing to be done for 'am--depfiles'.
config.status:1161: $? = 0

## ---------------- ##
## Cache variables. ##
## ---------------- ##

ac_cv_cxx_compiler_gnu=yes
ac_cv_env_CCC_set=
ac_cv_env_CCC_value=
ac_cv_env_CPPFLAGS_set=
ac_cv_env_CPPFLAGS_value=
ac_cv_env_CXXFLAGS_set=
ac_cv_env_CXXFLAGS_value=
ac_cv_env_CXX_set=
ac_cv_env_CXX_value=
ac_cv_env_LDFLAGS_set=
ac_cv_env_LDFLAGS_value=
ac_cv_env_LIBS_set=
ac_cv_env_LIBS_value=
ac_cv_env_PKG_CONFIG_LIBDIR_set=
ac_cv_env_PKG_CONFIG_LIBDIR_value=
ac_cv_env_PKG_CONFIG_PATH_set=
ac_cv_env_PKG_CONFIG_PATH_value=
ac_cv_env_PKG_CONFIG_set=
ac_cv_env_PKG_CONFIG_value=
ac_cv_env_SDL_CFLAGS_set=
ac_cv_env_SDL_CFLAGS_value=
ac_cv_env_SDL_LIBS_set=
ac_cv_env_SDL_LIBS_value=
ac_cv_env_VPX_CFLAGS_set=
ac_cv_env_VPX_CFLAGS_value=
ac_cv_env_VPX_LIBS_set=
ac_cv_env_VPX_LIBS_value=
ac_cv_env_build_alias_set=
ac_cv_env_build_alias_value=
ac_cv_env_host_alias_set=
ac_cv_env_host_alias_value=
ac_cv_env_target_alias_set=
ac_cv_env_target_alias_value=
ac_cv_objext=o
ac_cv_path_ac_pt_PKG_CONFIG=/usr/bin/pkg-config
ac_cv_path_install='/usr/bin/install -c'
ac_cv_path_mkdir=/usr/bin/mkdir
ac_cv_prog_AWK=mawk
ac_cv_prog_ac_ct_CXX=g++
ac_cv_prog_ac_ct_RANLIB=ranlib
ac_cv_prog_cxx_11=no
ac_cv_prog_cxx_cxx11=
ac_cv_prog_cxx_g=yes
ac_cv_prog_cxx_stdcxx=
ac_cv_prog_make_make_set=yes
am_cv_CXX_dependencies_compiler_type=gcc3
am_cv_make_support_nested_variables=yes
pkg_cv_SDL_CFLAGS='-D_REENTRANT -I/usr/include/SDL2'
pkg_cv_SDL_LIBS=-lSDL2
pkg_cv_VPX_CFLAGS=
pkg_cv_VPX_LIBS='-lvpx -lm'

## ----------------- ##
## Output variables. ##
## ----------------- ##

ACLOCAL='${SHELL} '\''/home/xlab/Desktop/guest/yuxin/video_capture-stream_v2/missing'\'' aclocal-1.16'
AMDEPBACKSLASH='\'
AMDEP_FALSE='#'
AMDEP_TRUE=''
AMTAR='$${TAR-tar}'
AM_BACKSLASH='\'
AM_DEFAULT_V='$(AM_DEFAULT_VERBOSITY)'
AM_DEFAULT_VERBOSITY='1'
AM_V='$(V)'
AUTOCONF='${SHELL} '\''/home/xlab/Desktop/guest/yuxin/video_capture-stream_v2/missing'\'' autoconf'
AUTOHEADER='${SHELL} '\''/home/xlab/Desktop/guest/yuxin/video_capture-stream_v2/missing'\'' autoheader'
AUTOMAKE='${SHELL} '\''/home/xlab/Desktop/guest/yuxin/video_capture-stream_v2/missing'\'' automake-1.16'
AWK='mawk'
CPPFLAGS=''
CSCOPE='cscope'
CTAGS='ctags'
CXX17_FLAGS='-std=c++17 -pthread'
CXX='g++'
CXXDEPMODE='depmode=gcc3'
CXXFLAGS='-g -O2'
CYGPATH_W='echo'
DEFS='-DHAVE_CONFIG_H'
DEPDIR='.deps'
ECHO_C=''
ECHO_N='-n'
ECHO_T=''
ETAGS='etags'
EXEEXT=''
INSTALL_DATA='${INSTALL} -m 644'
INSTALL_PROGRAM='${INSTALL}'
INSTALL_SCRIPT='${INSTALL}'
INSTALL_STRIP_PROGRAM='$(install_sh) -c -s'
LDFLAGS=''
LIBOBJS=''
LIBS=''
LTLIBOBJS=''
MAKEINFO='${SHELL} '\''/home/xlab/Desktop/guest/yuxin/video_capture-stream_v2/missing'\'' makeinfo'
MKDIR_P='/usr/bin/mkdir -p'
OBJEXT='o'
PACKAGE='ringmaster'
PACKAGE_BUGREPORT='francisy@microsoft.com'
PACKAGE_NAME='ringmaster'
PACKAGE_STRING='ringmaster 1.0'
PACKAGE_TARNAME='ringmaster'
PACKAGE_URL=''
PACKAGE_VERSION='1.0'
PATH_SEPARATOR=':'
PICKY_CXXFLAGS='-pedantic -Wall -Wextra -Werror -Weffc++'
PKG_CONFIG='/usr/bin/pkg-config'
PKG_CONFIG_LIBDIR=''
PKG_CONFIG_PATH=''
RANLIB='ranlib'
SDL_CFLAGS='-D_REENTRANT -I/usr/include/SDL2'
SDL_LIBS='-lSDL2'
SET_MAKE=''
SHELL='/bin/bash'
STRIP=''
VERSION='1.0'
VPX_CFLAGS=''
VPX_LIBS='-lvpx -lm'
ac_ct_CXX='g++'
am__EXEEXT_FALSE=''
am__EXEEXT_TRUE='#'
am__fastdepCXX_FALSE='#'
am__fastdepCXX_TRUE=''
am__include='include'
am__isrc=''
am__leading_dot='.'
am__nodep='_no'
am__quote=''
am__tar='$${TAR-tar} chof - "$$tardir"'
am__untar='$${TAR-tar} xf -'
bindir='${exec_prefix}/bin'
build_alias=''
datadir='${datarootdir}'
datarootdir='${prefix}/share'
docdir='${datarootdir}/doc/${PACKAGE_TARNAME}'
dvidir='${docdir}'
exec_prefix='${prefix}'
host_alias=''
htmldir='${docdir}'
includedir='${prefix}/include'
infodir='${datarootdir}/info'
install_sh='${SHELL} /home/xlab/Desktop/guest/yuxin/video_capture-stream_v2/install-sh'
libdir='${exec_prefix}/lib'
libexecdir='${exec_prefix}/libexec'
localedir='${datarootdir}/locale'
localstatedir='${prefix}/var'
mandir='${datarootdir}/man'
mkdir_p='$(MKDIR_P)'
oldincludedir='/usr/include'
pdfdir='${docdir}'
prefix='/usr/local'
program_transform_name='s,x,x,'
psdir='${docdir}'
runstatedir='${localstatedir}/run'
sbindir='${exec_prefix}/sbin'
sharedstatedir='${prefix}/com'
sysconfdir='${prefix}/etc'
target_alias=''

## ----------- ##
## confdefs.h. ##
## ----------- ##

/* confdefs.h */
#define PACKAGE_NAME "ringmaster"
#define PACKAGE_TARNAME "ringmaster"
#define PACKAGE_VERSION "1.0"
#define PACKAGE_STRING "ringmaster 1.0"
#define PACKAGE_BUGREPORT "francisy@microsoft.com"
#define PACKAGE_URL ""
#define PACKAGE "ringmaster"
#define VERSION "1.0"

configure: exit 0

## ---------------------- ##
## Running config.status. ##
## ---------------------- ##

This file was extended by ringmaster config.status 1.0, which was
generated by GNU Autoconf 2.71.  Invocation command line was

  CONFIG_FILES    = 
  CONFIG_HEADERS  = 
  CONFIG_LINKS    = 
  CONFIG_COMMANDS = 
  $ ./config.status src/app/Makefile depfiles

on xlab-System-Product-Name

config.status:850: creating src/app/Makefile
config.status:1079: executing depfiles commands
config.status:1156: cd src/app       && sed -e '/# am--include-marker/d' Makefile         | make -f - am--depfiles
make[3]: Entering directory '/home/xlab/Desktop/guest/yuxin/video_capture-stream_v2/src/app'
make[3]: Nothing to be done for 'am--depfiles'.
make[3]: Leaving directory '/home/xlab/Desktop/guest/yuxin/video_capture-stream_v2/src/app'
config.status:1161: $? = 0

## ---------------------- ##
## Running config.status. ##
## ---------------------- ##

This file was extended by ringmaster config.status 1.0, which was
generated by GNU Autoconf 2.71.  Invocation command line was

  CONFIG_FILES    = 
  CONFIG_HEADERS  = 
  CONFIG_LINKS    = 
  CONFIG_COMMANDS = 
  $ ./config.status src/app/Makefile depfiles

on xlab-System-Product-Name

config.status:850: creating src/app/Makefile
config.status:1079: executing depfiles commands
config.status:1156: cd src/app       && sed -e '/# am--include-marker/d' Makefile         | make -f - am--depfiles
make[3]: Entering directory '/home/xlab/Desktop/guest/yuxin/video_capture-stream_v2/src/app'
make[3]: Nothing to be done for 'am--depfiles'.
make[3]: Leaving directory '/home/xlab/Desktop/guest/yuxin/video_capture-stream_v2/src/app'
config.status:1161: $? = 0
